{"C:\\Users\\Tahseen\\OneDrive\\Projects\\leetcode-submissions\\66 - Plus One.js": {"path":"C:\\Users\\Tahseen\\OneDrive\\Projects\\leetcode-submissions\\66 - Plus One.js","statementMap":{"0":{"start":{"line":4,"column":0},"end":{"line":7,"column":2}},"1":{"start":{"line":10,"column":2},"end":{"line":10,"column":70}},"2":{"start":{"line":13,"column":0},"end":{"line":13,"column":29}},"3":{"start":{"line":16,"column":0},"end":{"line":16,"column":24}}},"fnMap":{"0":{"name":"plusOne","decl":{"start":{"line":9,"column":9},"end":{"line":9,"column":16}},"loc":{"start":{"line":9,"column":22},"end":{"line":11,"column":1}},"line":9}},"branchMap":{},"s":{"0":1,"1":2,"2":1,"3":1},"f":{"0":2},"b":{},"_coverageSchema":"1a1c01bbd47fc00a2c39e90264f33305004495a9","hash":"415c769e8cfc70a367ba6a911dcfa3ea78b9634b"}
}
